Arguments: 
  /usr/local/Cellar/node/8.8.0/bin/node /usr/local/bin/yarn

PATH: 
  /usr/local/bin:/usr/bin:/bin:/usr/sbin:/sbin:/opt/X11/bin

Yarn version: 
  1.2.1

Node version: 
  6.6.0

Platform: 
  darwin x64

npm manifest: 
  {
    "name": "bitfinex-arbitrage-playground",
    "version": "1.0.0",
    "description": "",
    "main": "index.js",
    "scripts": {
      "test": "echo \"Error: no test specified\" && exit 1"
    },
    "author": "",
    "license": "ISC",
    "dependencies": {
      "bitfinex-api-node": "^1.2.1"
    }
    "devDependencies": {
      "assets-webpack-plugin": "^3.4.0",
      "babel-loader": "^6.2.5",
      "babel-plugin-add-module-exports": "^0.2.1",
      "babel-plugin-react-transform": "^2.0.2",
      "babel-plugin-transform-decorators-legacy": "^1.3.4",
      "babel-polyfill": "^6.13.0",
      "babel-preset-es2015": "^6.14.0",
      "babel-preset-react": "^6.11.1",
      "babel-preset-react-hmre": "^1.1.1",
      "babel-preset-stage-0": "^6.5.0",
      "babel-register": "^6.14.0",
      "chokidar": "^1.6.0",
      "css-loader": "^0.25.0",
      "extract-text-webpack-plugin": "^1.0.1",
      "happypack": "^2.2.1",
      "json-loader": "^0.5.7",
      "querystring": "^0.2.0",
      "style-loader": "^0.13.1",
      "webpack": "2.1.0-beta.4",
      "webpack-dev-middleware": "^1.6.1",
      "webpack-hot-middleware": "^2.12.2"
    }
  }

yarn manifest: 
  No manifest

Lockfile: 
  No lockfile

Trace: 
  SyntaxError: /Users/caimingxun/Bitfinex/package.json: Unexpected string in JSON at position 284
      at Object.parse (native)
      at /usr/local/lib/node_modules/yarn/lib/cli.js:770:59
      at next (native)
      at step (/usr/local/lib/node_modules/yarn/lib/cli.js:92:30)
      at /usr/local/lib/node_modules/yarn/lib/cli.js:103:13
